{"C:\\Users\\rahul\\task\\TaskTracker\\src\\App.jsx": {"path":"C:\\Users\\rahul\\task\\TaskTracker\\src\\App.jsx","statementMap":{"0":{"start":{"line":193,"column":26},"end":{"line":193,"column":40}},"1":{"start":{"line":194,"column":32},"end":{"line":194,"column":46}},"2":{"start":{"line":196,"column":2},"end":{"line":203,"column":9}},"3":{"start":{"line":198,"column":28},"end":{"line":198,"column":56}},"4":{"start":{"line":199,"column":4},"end":{"line":201,"column":5}},"5":{"start":{"line":200,"column":6},"end":{"line":200,"column":43}},"6":{"start":{"line":202,"column":4},"end":{"line":202,"column":22}},"7":{"start":{"line":206,"column":2},"end":{"line":206,"column":67}},"8":{"start":{"line":211,"column":2},"end":{"line":221,"column":4}},"9":{"start":{"line":213,"column":6},"end":{"line":215,"column":7}},"10":{"start":{"line":214,"column":8},"end":{"line":214,"column":62}},"11":{"start":{"line":216,"column":6},"end":{"line":216,"column":20}},"12":{"start":{"line":219,"column":6},"end":{"line":219,"column":35}},"13":{"start":{"line":224,"column":2},"end":{"line":233,"column":4}},"14":{"start":{"line":225,"column":18},"end":{"line":225,"column":26}},"15":{"start":{"line":227,"column":6},"end":{"line":230,"column":7}},"16":{"start":{"line":228,"column":8},"end":{"line":228,"column":40}},"17":{"start":{"line":229,"column":8},"end":{"line":229,"column":22}},"18":{"start":{"line":231,"column":6},"end":{"line":231,"column":35}},"19":{"start":{"line":235,"column":2},"end":{"line":237,"column":3}},"20":{"start":{"line":236,"column":4},"end":{"line":236,"column":63}},"21":{"start":{"line":239,"column":2},"end":{"line":278,"column":4}}},"fnMap":{"0":{"name":"App","decl":{"start":{"line":192,"column":9},"end":{"line":192,"column":12}},"loc":{"start":{"line":192,"column":15},"end":{"line":279,"column":1}},"line":192},"1":{"name":"(anonymous_1)","decl":{"start":{"line":196,"column":12},"end":{"line":196,"column":13}},"loc":{"start":{"line":196,"column":18},"end":{"line":203,"column":3}},"line":196},"2":{"name":"(anonymous_2)","decl":{"start":{"line":212,"column":4},"end":{"line":212,"column":5}},"loc":{"start":{"line":212,"column":16},"end":{"line":217,"column":5}},"line":212},"3":{"name":"(anonymous_3)","decl":{"start":{"line":218,"column":4},"end":{"line":218,"column":5}},"loc":{"start":{"line":218,"column":15},"end":{"line":220,"column":5}},"line":218},"4":{"name":"(anonymous_4)","decl":{"start":{"line":225,"column":4},"end":{"line":225,"column":5}},"loc":{"start":{"line":225,"column":18},"end":{"line":225,"column":26}},"line":225},"5":{"name":"(anonymous_5)","decl":{"start":{"line":226,"column":4},"end":{"line":226,"column":5}},"loc":{"start":{"line":226,"column":15},"end":{"line":232,"column":5}},"line":226}},"branchMap":{"0":{"loc":{"start":{"line":199,"column":4},"end":{"line":201,"column":5}},"type":"if","locations":[{"start":{"line":199,"column":4},"end":{"line":201,"column":5}},{"start":{},"end":{}}],"line":199},"1":{"loc":{"start":{"line":213,"column":6},"end":{"line":215,"column":7}},"type":"if","locations":[{"start":{"line":213,"column":6},"end":{"line":215,"column":7}},{"start":{},"end":{}}],"line":213},"2":{"loc":{"start":{"line":213,"column":10},"end":{"line":213,"column":28}},"type":"binary-expr","locations":[{"start":{"line":213,"column":10},"end":{"line":213,"column":14}},{"start":{"line":213,"column":18},"end":{"line":213,"column":28}}],"line":213},"3":{"loc":{"start":{"line":227,"column":6},"end":{"line":230,"column":7}},"type":"if","locations":[{"start":{"line":227,"column":6},"end":{"line":230,"column":7}},{"start":{},"end":{}}],"line":227},"4":{"loc":{"start":{"line":227,"column":10},"end":{"line":227,"column":57}},"type":"binary-expr","locations":[{"start":{"line":227,"column":10},"end":{"line":227,"column":24}},{"start":{"line":227,"column":28},"end":{"line":227,"column":57}}],"line":227},"5":{"loc":{"start":{"line":235,"column":2},"end":{"line":237,"column":3}},"type":"if","locations":[{"start":{"line":235,"column":2},"end":{"line":237,"column":3}},{"start":{},"end":{}}],"line":235},"6":{"loc":{"start":{"line":247,"column":23},"end":{"line":247,"column":85}},"type":"cond-expr","locations":[{"start":{"line":247,"column":30},"end":{"line":247,"column":58}},{"start":{"line":247,"column":61},"end":{"line":247,"column":85}}],"line":247},"7":{"loc":{"start":{"line":251,"column":23},"end":{"line":251,"column":88}},"type":"cond-expr","locations":[{"start":{"line":251,"column":30},"end":{"line":251,"column":58}},{"start":{"line":251,"column":61},"end":{"line":251,"column":88}}],"line":251},"8":{"loc":{"start":{"line":255,"column":23},"end":{"line":255,"column":91}},"type":"cond-expr","locations":[{"start":{"line":255,"column":30},"end":{"line":255,"column":58}},{"start":{"line":255,"column":61},"end":{"line":255,"column":91}}],"line":255},"9":{"loc":{"start":{"line":259,"column":23},"end":{"line":259,"column":86}},"type":"cond-expr","locations":[{"start":{"line":259,"column":30},"end":{"line":259,"column":59}},{"start":{"line":259,"column":62},"end":{"line":259,"column":86}}],"line":259},"10":{"loc":{"start":{"line":264,"column":23},"end":{"line":264,"column":86}},"type":"cond-expr","locations":[{"start":{"line":264,"column":30},"end":{"line":264,"column":59}},{"start":{"line":264,"column":62},"end":{"line":264,"column":86}}],"line":264},"11":{"loc":{"start":{"line":268,"column":23},"end":{"line":268,"column":84}},"type":"cond-expr","locations":[{"start":{"line":268,"column":30},"end":{"line":268,"column":57}},{"start":{"line":268,"column":60},"end":{"line":268,"column":84}}],"line":268},"12":{"loc":{"start":{"line":272,"column":23},"end":{"line":272,"column":100}},"type":"cond-expr","locations":[{"start":{"line":272,"column":30},"end":{"line":272,"column":73}},{"start":{"line":272,"column":76},"end":{"line":272,"column":100}}],"line":272}},"s":{"0":0,"1":0,"2":0,"3":0,"4":0,"5":0,"6":0,"7":0,"8":0,"9":0,"10":0,"11":0,"12":0,"13":0,"14":0,"15":0,"16":0,"17":0,"18":0,"19":0,"20":0,"21":0},"f":{"0":0,"1":0,"2":0,"3":0,"4":0,"5":0},"b":{"0":[0,0],"1":[0,0],"2":[0,0],"3":[0,0],"4":[0,0],"5":[0,0],"6":[0,0],"7":[0,0],"8":[0,0],"9":[0,0],"10":[0,0],"11":[0,0],"12":[0,0]}}
,"C:\\Users\\rahul\\task\\TaskTracker\\src\\index.js": {"path":"C:\\Users\\rahul\\task\\TaskTracker\\src\\index.js","statementMap":{"0":{"start":{"line":17,"column":13},"end":{"line":17,"column":65}},"1":{"start":{"line":18,"column":0},"end":{"line":22,"column":2}}},"fnMap":{},"branchMap":{},"s":{"0":0,"1":0},"f":{},"b":{}}
,"C:\\Users\\rahul\\task\\TaskTracker\\src\\components\\ErrorMessage.jsx": {"path":"C:\\Users\\rahul\\task\\TaskTracker\\src\\components\\ErrorMessage.jsx","statementMap":{"0":{"start":{"line":3,"column":21},"end":{"line":11,"column":1}},"1":{"start":{"line":4,"column":2},"end":{"line":4,"column":28}},"2":{"start":{"line":4,"column":16},"end":{"line":4,"column":28}},"3":{"start":{"line":6,"column":2},"end":{"line":10,"column":4}}},"fnMap":{"0":{"name":"(anonymous_0)","decl":{"start":{"line":3,"column":21},"end":{"line":3,"column":22}},"loc":{"start":{"line":3,"column":38},"end":{"line":11,"column":1}},"line":3}},"branchMap":{"0":{"loc":{"start":{"line":4,"column":2},"end":{"line":4,"column":28}},"type":"if","locations":[{"start":{"line":4,"column":2},"end":{"line":4,"column":28}},{"start":{},"end":{}}],"line":4}},"s":{"0":0,"1":0,"2":0,"3":0},"f":{"0":0},"b":{"0":[0,0]}}
,"C:\\Users\\rahul\\task\\TaskTracker\\src\\components\\Header.jsx": {"path":"C:\\Users\\rahul\\task\\TaskTracker\\src\\components\\Header.jsx","statementMap":{"0":{"start":{"line":4,"column":15},"end":{"line":43,"column":1}},"1":{"start":{"line":5,"column":2},"end":{"line":5,"column":36}},"2":{"start":{"line":6,"column":2},"end":{"line":6,"column":30}},"3":{"start":{"line":8,"column":19},"end":{"line":8,"column":32}},"4":{"start":{"line":10,"column":23},"end":{"line":14,"column":3}},"5":{"start":{"line":11,"column":4},"end":{"line":11,"column":36}},"6":{"start":{"line":12,"column":4},"end":{"line":12,"column":18}},"7":{"start":{"line":13,"column":4},"end":{"line":13,"column":23}},"8":{"start":{"line":16,"column":2},"end":{"line":42,"column":4}}},"fnMap":{"0":{"name":"(anonymous_0)","decl":{"start":{"line":4,"column":15},"end":{"line":4,"column":16}},"loc":{"start":{"line":4,"column":38},"end":{"line":43,"column":1}},"line":4},"1":{"name":"(anonymous_1)","decl":{"start":{"line":10,"column":23},"end":{"line":10,"column":24}},"loc":{"start":{"line":10,"column":29},"end":{"line":14,"column":3}},"line":10}},"branchMap":{"0":{"loc":{"start":{"line":21,"column":11},"end":{"line":38,"column":11}},"type":"cond-expr","locations":[{"start":{"line":22,"column":12},"end":{"line":30,"column":18}},{"start":{"line":32,"column":12},"end":{"line":37,"column":18}}],"line":21}},"s":{"0":0,"1":0,"2":0,"3":0,"4":0,"5":0,"6":0,"7":0,"8":0},"f":{"0":0,"1":0},"b":{"0":[0,0]}}
,"C:\\Users\\rahul\\task\\TaskTracker\\src\\components\\Login.jsx": {"path":"C:\\Users\\rahul\\task\\TaskTracker\\src\\components\\Login.jsx","statementMap":{"0":{"start":{"line":5,"column":14},"end":{"line":105,"column":1}},"1":{"start":{"line":6,"column":34},"end":{"line":9,"column":4}},"2":{"start":{"line":10,"column":28},"end":{"line":10,"column":40}},"3":{"start":{"line":11,"column":32},"end":{"line":11,"column":47}},"4":{"start":{"line":13,"column":30},"end":{"line":13,"column":38}},"5":{"start":{"line":15,"column":19},"end":{"line":17,"column":3}},"6":{"start":{"line":16,"column":4},"end":{"line":16,"column":66}},"7":{"start":{"line":19,"column":19},"end":{"line":42,"column":3}},"8":{"start":{"line":20,"column":4},"end":{"line":20,"column":23}},"9":{"start":{"line":21,"column":4},"end":{"line":21,"column":17}},"10":{"start":{"line":22,"column":4},"end":{"line":22,"column":21}},"11":{"start":{"line":24,"column":4},"end":{"line":24,"column":52}},"12":{"start":{"line":26,"column":4},"end":{"line":41,"column":5}},"13":{"start":{"line":27,"column":6},"end":{"line":27,"column":60}},"14":{"start":{"line":28,"column":23},"end":{"line":28,"column":68}},"15":{"start":{"line":29,"column":6},"end":{"line":29,"column":52}},"16":{"start":{"line":32,"column":6},"end":{"line":32,"column":66}},"17":{"start":{"line":33,"column":6},"end":{"line":33,"column":29}},"18":{"start":{"line":35,"column":6},"end":{"line":35,"column":41}},"19":{"start":{"line":36,"column":6},"end":{"line":36,"column":58}},"20":{"start":{"line":37,"column":6},"end":{"line":37,"column":58}},"21":{"start":{"line":38,"column":6},"end":{"line":38,"column":86}},"22":{"start":{"line":40,"column":6},"end":{"line":40,"column":24}},"23":{"start":{"line":44,"column":2},"end":{"line":104,"column":4}}},"fnMap":{"0":{"name":"(anonymous_0)","decl":{"start":{"line":5,"column":14},"end":{"line":5,"column":15}},"loc":{"start":{"line":5,"column":31},"end":{"line":105,"column":1}},"line":5},"1":{"name":"(anonymous_1)","decl":{"start":{"line":15,"column":19},"end":{"line":15,"column":20}},"loc":{"start":{"line":15,"column":24},"end":{"line":17,"column":3}},"line":15},"2":{"name":"(anonymous_2)","decl":{"start":{"line":19,"column":19},"end":{"line":19,"column":20}},"loc":{"start":{"line":19,"column":30},"end":{"line":42,"column":3}},"line":19}},"branchMap":{"0":{"loc":{"start":{"line":38,"column":15},"end":{"line":38,"column":84}},"type":"binary-expr","locations":[{"start":{"line":38,"column":15},"end":{"line":38,"column":42}},{"start":{"line":38,"column":46},"end":{"line":38,"column":84}}],"line":38},"1":{"loc":{"start":{"line":48,"column":7},"end":{"line":52,"column":7}},"type":"binary-expr","locations":[{"start":{"line":48,"column":7},"end":{"line":48,"column":12}},{"start":{"line":49,"column":8},"end":{"line":51,"column":14}}],"line":48},"2":{"loc":{"start":{"line":91,"column":13},"end":{"line":91,"column":48}},"type":"cond-expr","locations":[{"start":{"line":91,"column":23},"end":{"line":91,"column":38}},{"start":{"line":91,"column":41},"end":{"line":91,"column":48}}],"line":91}},"s":{"0":0,"1":0,"2":0,"3":0,"4":0,"5":0,"6":0,"7":0,"8":0,"9":0,"10":0,"11":0,"12":0,"13":0,"14":0,"15":0,"16":0,"17":0,"18":0,"19":0,"20":0,"21":0,"22":0,"23":0},"f":{"0":0,"1":0,"2":0},"b":{"0":[0,0],"1":[0,0],"2":[0,0]}}
,"C:\\Users\\rahul\\task\\TaskTracker\\src\\components\\Register.jsx": {"path":"C:\\Users\\rahul\\task\\TaskTracker\\src\\components\\Register.jsx","statementMap":{"0":{"start":{"line":5,"column":17},"end":{"line":170,"column":1}},"1":{"start":{"line":6,"column":19},"end":{"line":6,"column":32}},"2":{"start":{"line":7,"column":34},"end":{"line":12,"column":4}},"3":{"start":{"line":13,"column":28},"end":{"line":13,"column":40}},"4":{"start":{"line":14,"column":32},"end":{"line":14,"column":47}},"5":{"start":{"line":16,"column":47},"end":{"line":16,"column":55}},"6":{"start":{"line":18,"column":19},"end":{"line":20,"column":3}},"7":{"start":{"line":19,"column":4},"end":{"line":19,"column":66}},"8":{"start":{"line":50,"column":19},"end":{"line":76,"column":3}},"9":{"start":{"line":51,"column":4},"end":{"line":51,"column":23}},"10":{"start":{"line":52,"column":4},"end":{"line":52,"column":17}},"11":{"start":{"line":54,"column":4},"end":{"line":57,"column":5}},"12":{"start":{"line":55,"column":6},"end":{"line":55,"column":41}},"13":{"start":{"line":56,"column":6},"end":{"line":56,"column":13}},"14":{"start":{"line":59,"column":4},"end":{"line":59,"column":21}},"15":{"start":{"line":61,"column":4},"end":{"line":75,"column":5}},"16":{"start":{"line":62,"column":6},"end":{"line":66,"column":9}},"17":{"start":{"line":70,"column":6},"end":{"line":70,"column":92}},"18":{"start":{"line":72,"column":6},"end":{"line":72,"column":86}},"19":{"start":{"line":74,"column":6},"end":{"line":74,"column":24}},"20":{"start":{"line":77,"column":2},"end":{"line":169,"column":4}}},"fnMap":{"0":{"name":"(anonymous_0)","decl":{"start":{"line":5,"column":17},"end":{"line":5,"column":18}},"loc":{"start":{"line":5,"column":34},"end":{"line":170,"column":1}},"line":5},"1":{"name":"(anonymous_1)","decl":{"start":{"line":18,"column":19},"end":{"line":18,"column":20}},"loc":{"start":{"line":18,"column":24},"end":{"line":20,"column":3}},"line":18},"2":{"name":"(anonymous_2)","decl":{"start":{"line":50,"column":19},"end":{"line":50,"column":20}},"loc":{"start":{"line":50,"column":30},"end":{"line":76,"column":3}},"line":50}},"branchMap":{"0":{"loc":{"start":{"line":54,"column":4},"end":{"line":57,"column":5}},"type":"if","locations":[{"start":{"line":54,"column":4},"end":{"line":57,"column":5}},{"start":{},"end":{}}],"line":54},"1":{"loc":{"start":{"line":72,"column":15},"end":{"line":72,"column":84}},"type":"binary-expr","locations":[{"start":{"line":72,"column":15},"end":{"line":72,"column":42}},{"start":{"line":72,"column":46},"end":{"line":72,"column":84}}],"line":72},"2":{"loc":{"start":{"line":81,"column":7},"end":{"line":85,"column":7}},"type":"binary-expr","locations":[{"start":{"line":81,"column":7},"end":{"line":81,"column":12}},{"start":{"line":82,"column":8},"end":{"line":84,"column":14}}],"line":81},"3":{"loc":{"start":{"line":156,"column":13},"end":{"line":156,"column":52}},"type":"cond-expr","locations":[{"start":{"line":156,"column":23},"end":{"line":156,"column":39}},{"start":{"line":156,"column":42},"end":{"line":156,"column":52}}],"line":156}},"s":{"0":0,"1":0,"2":0,"3":0,"4":0,"5":0,"6":0,"7":0,"8":0,"9":0,"10":0,"11":0,"12":0,"13":0,"14":0,"15":0,"16":0,"17":0,"18":0,"19":0,"20":0},"f":{"0":0,"1":0,"2":0},"b":{"0":[0,0],"1":[0,0],"2":[0,0],"3":[0,0]}}
,"C:\\Users\\rahul\\task\\TaskTracker\\src\\components\\SearchBar.jsx": {"path":"C:\\Users\\rahul\\task\\TaskTracker\\src\\components\\SearchBar.jsx","statementMap":{"0":{"start":{"line":3,"column":18},"end":{"line":45,"column":1}},"1":{"start":{"line":4,"column":38},"end":{"line":4,"column":50}},"2":{"start":{"line":6,"column":23},"end":{"line":10,"column":3}},"3":{"start":{"line":7,"column":18},"end":{"line":7,"column":32}},"4":{"start":{"line":8,"column":4},"end":{"line":8,"column":25}},"5":{"start":{"line":9,"column":4},"end":{"line":9,"column":20}},"6":{"start":{"line":12,"column":22},"end":{"line":15,"column":3}},"7":{"start":{"line":13,"column":4},"end":{"line":13,"column":22}},"8":{"start":{"line":14,"column":4},"end":{"line":14,"column":17}},"9":{"start":{"line":17,"column":2},"end":{"line":44,"column":4}}},"fnMap":{"0":{"name":"(anonymous_0)","decl":{"start":{"line":3,"column":18},"end":{"line":3,"column":19}},"loc":{"start":{"line":3,"column":36},"end":{"line":45,"column":1}},"line":3},"1":{"name":"(anonymous_1)","decl":{"start":{"line":6,"column":23},"end":{"line":6,"column":24}},"loc":{"start":{"line":6,"column":30},"end":{"line":10,"column":3}},"line":6},"2":{"name":"(anonymous_2)","decl":{"start":{"line":12,"column":22},"end":{"line":12,"column":23}},"loc":{"start":{"line":12,"column":28},"end":{"line":15,"column":3}},"line":12}},"branchMap":{"0":{"loc":{"start":{"line":32,"column":9},"end":{"line":41,"column":9}},"type":"binary-expr","locations":[{"start":{"line":32,"column":9},"end":{"line":32,"column":19}},{"start":{"line":33,"column":10},"end":{"line":40,"column":19}}],"line":32}},"s":{"0":1,"1":9,"2":9,"3":4,"4":4,"5":4,"6":9,"7":1,"8":1,"9":9},"f":{"0":9,"1":4,"2":1},"b":{"0":[9,3]},"_coverageSchema":"1a1c01bbd47fc00a2c39e90264f33305004495a9","hash":"0ab384e6e7be17545e58c0762972db04dca30e10"}
,"C:\\Users\\rahul\\task\\TaskTracker\\src\\components\\Spinner.jsx": {"path":"C:\\Users\\rahul\\task\\TaskTracker\\src\\components\\Spinner.jsx","statementMap":{"0":{"start":{"line":3,"column":16},"end":{"line":9,"column":1}},"1":{"start":{"line":4,"column":2},"end":{"line":8,"column":4}}},"fnMap":{"0":{"name":"(anonymous_0)","decl":{"start":{"line":3,"column":16},"end":{"line":3,"column":17}},"loc":{"start":{"line":3,"column":22},"end":{"line":9,"column":1}},"line":3}},"branchMap":{},"s":{"0":0,"1":0},"f":{"0":0},"b":{}}
,"C:\\Users\\rahul\\task\\TaskTracker\\src\\components\\TaskDashboard.jsx": {"path":"C:\\Users\\rahul\\task\\TaskTracker\\src\\components\\TaskDashboard.jsx","statementMap":{"0":{"start":{"line":323,"column":22},"end":{"line":509,"column":1}},"1":{"start":{"line":324,"column":28},"end":{"line":324,"column":40}},"2":{"start":{"line":325,"column":44},"end":{"line":325,"column":56}},"3":{"start":{"line":326,"column":44},"end":{"line":326,"column":56}},"4":{"start":{"line":327,"column":38},"end":{"line":327,"column":50}},"5":{"start":{"line":328,"column":40},"end":{"line":328,"column":54}},"6":{"start":{"line":329,"column":32},"end":{"line":329,"column":46}},"7":{"start":{"line":330,"column":28},"end":{"line":330,"column":40}},"8":{"start":{"line":331,"column":44},"end":{"line":331,"column":59}},"9":{"start":{"line":333,"column":19},"end":{"line":333,"column":32}},"10":{"start":{"line":334,"column":21},"end":{"line":334,"column":32}},"11":{"start":{"line":335,"column":19},"end":{"line":335,"column":32}},"12":{"start":{"line":338,"column":2},"end":{"line":344,"column":34}},"13":{"start":{"line":339,"column":4},"end":{"line":343,"column":5}},"14":{"start":{"line":340,"column":6},"end":{"line":340,"column":31}},"15":{"start":{"line":341,"column":11},"end":{"line":343,"column":5}},"16":{"start":{"line":342,"column":6},"end":{"line":342,"column":30}},"17":{"start":{"line":346,"column":2},"end":{"line":348,"column":9}},"18":{"start":{"line":347,"column":4},"end":{"line":347,"column":17}},"19":{"start":{"line":351,"column":22},"end":{"line":376,"column":25}},"20":{"start":{"line":354,"column":4},"end":{"line":366,"column":5}},"21":{"start":{"line":356,"column":8},"end":{"line":356,"column":54}},"22":{"start":{"line":356,"column":38},"end":{"line":356,"column":52}},"23":{"start":{"line":357,"column":8},"end":{"line":357,"column":14}},"24":{"start":{"line":359,"column":8},"end":{"line":359,"column":65}},"25":{"start":{"line":359,"column":38},"end":{"line":359,"column":63}},"26":{"start":{"line":360,"column":8},"end":{"line":360,"column":14}},"27":{"start":{"line":362,"column":8},"end":{"line":362,"column":69}},"28":{"start":{"line":362,"column":38},"end":{"line":362,"column":67}},"29":{"start":{"line":363,"column":8},"end":{"line":363,"column":14}},"30":{"start":{"line":365,"column":8},"end":{"line":365,"column":28}},"31":{"start":{"line":369,"column":4},"end":{"line":373,"column":5}},"32":{"start":{"line":370,"column":6},"end":{"line":372,"column":8}},"33":{"start":{"line":371,"column":8},"end":{"line":371,"column":67}},"34":{"start":{"line":375,"column":4},"end":{"line":375,"column":29}},"35":{"start":{"line":379,"column":2},"end":{"line":381,"column":54}},"36":{"start":{"line":380,"column":4},"end":{"line":380,"column":31}},"37":{"start":{"line":383,"column":21},"end":{"line":393,"column":3}},"38":{"start":{"line":384,"column":4},"end":{"line":392,"column":5}},"39":{"start":{"line":385,"column":6},"end":{"line":385,"column":23}},"40":{"start":{"line":386,"column":18},"end":{"line":386,"column":47}},"41":{"start":{"line":387,"column":6},"end":{"line":387,"column":25}},"42":{"start":{"line":388,"column":6},"end":{"line":388,"column":24}},"43":{"start":{"line":390,"column":6},"end":{"line":390,"column":58}},"44":{"start":{"line":391,"column":6},"end":{"line":391,"column":24}},"45":{"start":{"line":395,"column":29},"end":{"line":404,"column":3}},"46":{"start":{"line":396,"column":4},"end":{"line":396,"column":32}},"47":{"start":{"line":399,"column":4},"end":{"line":403,"column":5}},"48":{"start":{"line":400,"column":6},"end":{"line":400,"column":29}},"49":{"start":{"line":402,"column":6},"end":{"line":402,"column":45}},"50":{"start":{"line":406,"column":23},"end":{"line":408,"column":3}},"51":{"start":{"line":407,"column":4},"end":{"line":407,"column":24}},"52":{"start":{"line":410,"column":18},"end":{"line":417,"column":3}},"53":{"start":{"line":411,"column":4},"end":{"line":416,"column":5}},"54":{"start":{"line":412,"column":18},"end":{"line":412,"column":54}},"55":{"start":{"line":413,"column":6},"end":{"line":413,"column":37}},"56":{"start":{"line":415,"column":6},"end":{"line":415,"column":55}},"57":{"start":{"line":419,"column":21},"end":{"line":427,"column":3}},"58":{"start":{"line":420,"column":4},"end":{"line":426,"column":5}},"59":{"start":{"line":421,"column":18},"end":{"line":421,"column":63}},"60":{"start":{"line":422,"column":6},"end":{"line":422,"column":71}},"61":{"start":{"line":422,"column":34},"end":{"line":422,"column":67}},"62":{"start":{"line":423,"column":6},"end":{"line":423,"column":27}},"63":{"start":{"line":425,"column":6},"end":{"line":425,"column":57}},"64":{"start":{"line":429,"column":21},"end":{"line":438,"column":3}},"65":{"start":{"line":430,"column":4},"end":{"line":437,"column":5}},"66":{"start":{"line":431,"column":6},"end":{"line":436,"column":7}},"67":{"start":{"line":432,"column":8},"end":{"line":432,"column":47}},"68":{"start":{"line":433,"column":8},"end":{"line":433,"column":56}},"69":{"start":{"line":433,"column":38},"end":{"line":433,"column":53}},"70":{"start":{"line":435,"column":8},"end":{"line":435,"column":59}},"71":{"start":{"line":440,"column":25},"end":{"line":450,"column":3}},"72":{"start":{"line":441,"column":4},"end":{"line":449,"column":5}},"73":{"start":{"line":442,"column":18},"end":{"line":445,"column":8}},"74":{"start":{"line":446,"column":6},"end":{"line":446,"column":71}},"75":{"start":{"line":446,"column":34},"end":{"line":446,"column":67}},"76":{"start":{"line":448,"column":6},"end":{"line":448,"column":57}},"77":{"start":{"line":452,"column":26},"end":{"line":454,"column":3}},"78":{"start":{"line":453,"column":4},"end":{"line":453,"column":33}},"79":{"start":{"line":456,"column":2},"end":{"line":508,"column":4}}},"fnMap":{"0":{"name":"(anonymous_0)","decl":{"start":{"line":323,"column":22},"end":{"line":323,"column":23}},"loc":{"start":{"line":323,"column":36},"end":{"line":509,"column":1}},"line":323},"1":{"name":"(anonymous_1)","decl":{"start":{"line":338,"column":12},"end":{"line":338,"column":13}},"loc":{"start":{"line":338,"column":18},"end":{"line":344,"column":3}},"line":338},"2":{"name":"(anonymous_2)","decl":{"start":{"line":346,"column":12},"end":{"line":346,"column":13}},"loc":{"start":{"line":346,"column":18},"end":{"line":348,"column":3}},"line":346},"3":{"name":"(anonymous_3)","decl":{"start":{"line":351,"column":34},"end":{"line":351,"column":35}},"loc":{"start":{"line":351,"column":46},"end":{"line":376,"column":3}},"line":351},"4":{"name":"(anonymous_4)","decl":{"start":{"line":356,"column":30},"end":{"line":356,"column":31}},"loc":{"start":{"line":356,"column":38},"end":{"line":356,"column":52}},"line":356},"5":{"name":"(anonymous_5)","decl":{"start":{"line":359,"column":30},"end":{"line":359,"column":31}},"loc":{"start":{"line":359,"column":38},"end":{"line":359,"column":63}},"line":359},"6":{"name":"(anonymous_6)","decl":{"start":{"line":362,"column":30},"end":{"line":362,"column":31}},"loc":{"start":{"line":362,"column":38},"end":{"line":362,"column":67}},"line":362},"7":{"name":"(anonymous_7)","decl":{"start":{"line":370,"column":29},"end":{"line":370,"column":30}},"loc":{"start":{"line":371,"column":8},"end":{"line":371,"column":67}},"line":371},"8":{"name":"(anonymous_8)","decl":{"start":{"line":379,"column":12},"end":{"line":379,"column":13}},"loc":{"start":{"line":379,"column":18},"end":{"line":381,"column":3}},"line":379},"9":{"name":"(anonymous_9)","decl":{"start":{"line":383,"column":21},"end":{"line":383,"column":22}},"loc":{"start":{"line":383,"column":33},"end":{"line":393,"column":3}},"line":383},"10":{"name":"(anonymous_10)","decl":{"start":{"line":395,"column":29},"end":{"line":395,"column":30}},"loc":{"start":{"line":395,"column":44},"end":{"line":404,"column":3}},"line":395},"11":{"name":"(anonymous_11)","decl":{"start":{"line":406,"column":23},"end":{"line":406,"column":24}},"loc":{"start":{"line":406,"column":33},"end":{"line":408,"column":3}},"line":406},"12":{"name":"(anonymous_12)","decl":{"start":{"line":410,"column":18},"end":{"line":410,"column":19}},"loc":{"start":{"line":410,"column":34},"end":{"line":417,"column":3}},"line":410},"13":{"name":"(anonymous_13)","decl":{"start":{"line":419,"column":21},"end":{"line":419,"column":22}},"loc":{"start":{"line":419,"column":45},"end":{"line":427,"column":3}},"line":419},"14":{"name":"(anonymous_14)","decl":{"start":{"line":422,"column":25},"end":{"line":422,"column":26}},"loc":{"start":{"line":422,"column":34},"end":{"line":422,"column":67}},"line":422},"15":{"name":"(anonymous_15)","decl":{"start":{"line":429,"column":21},"end":{"line":429,"column":22}},"loc":{"start":{"line":429,"column":35},"end":{"line":438,"column":3}},"line":429},"16":{"name":"(anonymous_16)","decl":{"start":{"line":433,"column":30},"end":{"line":433,"column":31}},"loc":{"start":{"line":433,"column":38},"end":{"line":433,"column":53}},"line":433},"17":{"name":"(anonymous_17)","decl":{"start":{"line":440,"column":25},"end":{"line":440,"column":26}},"loc":{"start":{"line":440,"column":50},"end":{"line":450,"column":3}},"line":440},"18":{"name":"(anonymous_18)","decl":{"start":{"line":446,"column":25},"end":{"line":446,"column":26}},"loc":{"start":{"line":446,"column":34},"end":{"line":446,"column":67}},"line":446},"19":{"name":"(anonymous_19)","decl":{"start":{"line":452,"column":26},"end":{"line":452,"column":27}},"loc":{"start":{"line":452,"column":38},"end":{"line":454,"column":3}},"line":452}},"branchMap":{"0":{"loc":{"start":{"line":339,"column":4},"end":{"line":343,"column":5}},"type":"if","locations":[{"start":{"line":339,"column":4},"end":{"line":343,"column":5}},{"start":{"line":341,"column":11},"end":{"line":343,"column":5}}],"line":339},"1":{"loc":{"start":{"line":339,"column":8},"end":{"line":339,"column":81}},"type":"binary-expr","locations":[{"start":{"line":339,"column":8},"end":{"line":339,"column":14}},{"start":{"line":339,"column":18},"end":{"line":339,"column":81}}],"line":339},"2":{"loc":{"start":{"line":341,"column":11},"end":{"line":343,"column":5}},"type":"if","locations":[{"start":{"line":341,"column":11},"end":{"line":343,"column":5}},{"start":{},"end":{}}],"line":341},"3":{"loc":{"start":{"line":354,"column":4},"end":{"line":366,"column":5}},"type":"switch","locations":[{"start":{"line":355,"column":6},"end":{"line":357,"column":14}},{"start":{"line":358,"column":6},"end":{"line":360,"column":14}},{"start":{"line":361,"column":6},"end":{"line":363,"column":14}},{"start":{"line":364,"column":6},"end":{"line":365,"column":28}}],"line":354},"4":{"loc":{"start":{"line":369,"column":4},"end":{"line":373,"column":5}},"type":"if","locations":[{"start":{"line":369,"column":4},"end":{"line":373,"column":5}},{"start":{},"end":{}}],"line":369},"5":{"loc":{"start":{"line":399,"column":4},"end":{"line":403,"column":5}},"type":"if","locations":[{"start":{"line":399,"column":4},"end":{"line":403,"column":5}},{"start":{"line":401,"column":11},"end":{"line":403,"column":5}}],"line":399},"6":{"loc":{"start":{"line":422,"column":34},"end":{"line":422,"column":67}},"type":"cond-expr","locations":[{"start":{"line":422,"column":52},"end":{"line":422,"column":60}},{"start":{"line":422,"column":63},"end":{"line":422,"column":67}}],"line":422},"7":{"loc":{"start":{"line":430,"column":4},"end":{"line":437,"column":5}},"type":"if","locations":[{"start":{"line":430,"column":4},"end":{"line":437,"column":5}},{"start":{},"end":{}}],"line":430},"8":{"loc":{"start":{"line":444,"column":16},"end":{"line":444,"column":52}},"type":"cond-expr","locations":[{"start":{"line":444,"column":29},"end":{"line":444,"column":40}},{"start":{"line":444,"column":43},"end":{"line":444,"column":52}}],"line":444},"9":{"loc":{"start":{"line":446,"column":34},"end":{"line":446,"column":67}},"type":"cond-expr","locations":[{"start":{"line":446,"column":52},"end":{"line":446,"column":60}},{"start":{"line":446,"column":63},"end":{"line":446,"column":67}}],"line":446},"10":{"loc":{"start":{"line":460,"column":7},"end":{"line":464,"column":7}},"type":"binary-expr","locations":[{"start":{"line":460,"column":7},"end":{"line":460,"column":12}},{"start":{"line":461,"column":8},"end":{"line":463,"column":14}}],"line":460},"11":{"loc":{"start":{"line":486,"column":7},"end":{"line":506,"column":7}},"type":"cond-expr","locations":[{"start":{"line":487,"column":8},"end":{"line":489,"column":14}},{"start":{"line":491,"column":8},"end":{"line":505,"column":14}}],"line":486},"12":{"loc":{"start":{"line":492,"column":11},"end":{"line":504,"column":11}},"type":"cond-expr","locations":[{"start":{"line":493,"column":12},"end":{"line":495,"column":18}},{"start":{"line":497,"column":12},"end":{"line":503,"column":14}}],"line":492},"13":{"loc":{"start":{"line":492,"column":11},"end":{"line":492,"column":51}},"type":"binary-expr","locations":[{"start":{"line":492,"column":11},"end":{"line":492,"column":37}},{"start":{"line":492,"column":41},"end":{"line":492,"column":51}}],"line":492}},"s":{"0":0,"1":0,"2":0,"3":0,"4":0,"5":0,"6":0,"7":0,"8":0,"9":0,"10":0,"11":0,"12":0,"13":0,"14":0,"15":0,"16":0,"17":0,"18":0,"19":0,"20":0,"21":0,"22":0,"23":0,"24":0,"25":0,"26":0,"27":0,"28":0,"29":0,"30":0,"31":0,"32":0,"33":0,"34":0,"35":0,"36":0,"37":0,"38":0,"39":0,"40":0,"41":0,"42":0,"43":0,"44":0,"45":0,"46":0,"47":0,"48":0,"49":0,"50":0,"51":0,"52":0,"53":0,"54":0,"55":0,"56":0,"57":0,"58":0,"59":0,"60":0,"61":0,"62":0,"63":0,"64":0,"65":0,"66":0,"67":0,"68":0,"69":0,"70":0,"71":0,"72":0,"73":0,"74":0,"75":0,"76":0,"77":0,"78":0,"79":0},"f":{"0":0,"1":0,"2":0,"3":0,"4":0,"5":0,"6":0,"7":0,"8":0,"9":0,"10":0,"11":0,"12":0,"13":0,"14":0,"15":0,"16":0,"17":0,"18":0,"19":0},"b":{"0":[0,0],"1":[0,0],"2":[0,0],"3":[0,0,0,0],"4":[0,0],"5":[0,0],"6":[0,0],"7":[0,0],"8":[0,0],"9":[0,0],"10":[0,0],"11":[0,0],"12":[0,0],"13":[0,0]}}
,"C:\\Users\\rahul\\task\\TaskTracker\\src\\components\\TaskDetails.jsx": {"path":"C:\\Users\\rahul\\task\\TaskTracker\\src\\components\\TaskDetails.jsx","statementMap":{"0":{"start":{"line":217,"column":20},"end":{"line":434,"column":1}},"1":{"start":{"line":218,"column":26},"end":{"line":218,"column":40}},"2":{"start":{"line":219,"column":32},"end":{"line":219,"column":46}},"3":{"start":{"line":220,"column":28},"end":{"line":220,"column":42}},"4":{"start":{"line":221,"column":36},"end":{"line":221,"column":51}},"5":{"start":{"line":222,"column":34},"end":{"line":226,"column":4}},"6":{"start":{"line":228,"column":17},"end":{"line":228,"column":28}},"7":{"start":{"line":229,"column":19},"end":{"line":229,"column":32}},"8":{"start":{"line":231,"column":2},"end":{"line":249,"column":11}},"9":{"start":{"line":232,"column":22},"end":{"line":246,"column":5}},"10":{"start":{"line":233,"column":6},"end":{"line":245,"column":7}},"11":{"start":{"line":234,"column":20},"end":{"line":234,"column":55}},"12":{"start":{"line":235,"column":8},"end":{"line":235,"column":26}},"13":{"start":{"line":236,"column":8},"end":{"line":240,"column":11}},"14":{"start":{"line":241,"column":8},"end":{"line":241,"column":26}},"15":{"start":{"line":243,"column":8},"end":{"line":243,"column":49}},"16":{"start":{"line":244,"column":8},"end":{"line":244,"column":26}},"17":{"start":{"line":248,"column":4},"end":{"line":248,"column":16}},"18":{"start":{"line":251,"column":23},"end":{"line":256,"column":3}},"19":{"start":{"line":252,"column":4},"end":{"line":255,"column":7}},"20":{"start":{"line":258,"column":23},"end":{"line":277,"column":3}},"21":{"start":{"line":259,"column":4},"end":{"line":259,"column":23}},"22":{"start":{"line":260,"column":4},"end":{"line":276,"column":5}},"23":{"start":{"line":262,"column":24},"end":{"line":262,"column":55}},"24":{"start":{"line":264,"column":25},"end":{"line":269,"column":7}},"25":{"start":{"line":271,"column":18},"end":{"line":271,"column":65}},"26":{"start":{"line":272,"column":6},"end":{"line":272,"column":24}},"27":{"start":{"line":273,"column":6},"end":{"line":273,"column":26}},"28":{"start":{"line":275,"column":6},"end":{"line":275,"column":40}},"29":{"start":{"line":279,"column":23},"end":{"line":288,"column":3}},"30":{"start":{"line":280,"column":4},"end":{"line":287,"column":5}},"31":{"start":{"line":281,"column":6},"end":{"line":286,"column":7}},"32":{"start":{"line":282,"column":8},"end":{"line":282,"column":47}},"33":{"start":{"line":283,"column":8},"end":{"line":283,"column":31}},"34":{"start":{"line":285,"column":8},"end":{"line":285,"column":42}},"35":{"start":{"line":290,"column":2},"end":{"line":296,"column":3}},"36":{"start":{"line":291,"column":4},"end":{"line":295,"column":6}},"37":{"start":{"line":298,"column":2},"end":{"line":305,"column":3}},"38":{"start":{"line":299,"column":4},"end":{"line":304,"column":6}},"39":{"start":{"line":307,"column":2},"end":{"line":314,"column":3}},"40":{"start":{"line":308,"column":4},"end":{"line":313,"column":6}},"41":{"start":{"line":316,"column":2},"end":{"line":433,"column":4}},"42":{"start":{"line":325,"column":29},"end":{"line":325,"column":47}},"43":{"start":{"line":393,"column":29},"end":{"line":393,"column":48}}},"fnMap":{"0":{"name":"(anonymous_0)","decl":{"start":{"line":217,"column":20},"end":{"line":217,"column":21}},"loc":{"start":{"line":217,"column":34},"end":{"line":434,"column":1}},"line":217},"1":{"name":"(anonymous_1)","decl":{"start":{"line":231,"column":12},"end":{"line":231,"column":13}},"loc":{"start":{"line":231,"column":18},"end":{"line":249,"column":3}},"line":231},"2":{"name":"(anonymous_2)","decl":{"start":{"line":232,"column":22},"end":{"line":232,"column":23}},"loc":{"start":{"line":232,"column":34},"end":{"line":246,"column":5}},"line":232},"3":{"name":"(anonymous_3)","decl":{"start":{"line":251,"column":23},"end":{"line":251,"column":24}},"loc":{"start":{"line":251,"column":30},"end":{"line":256,"column":3}},"line":251},"4":{"name":"(anonymous_4)","decl":{"start":{"line":258,"column":23},"end":{"line":258,"column":24}},"loc":{"start":{"line":258,"column":36},"end":{"line":277,"column":3}},"line":258},"5":{"name":"(anonymous_5)","decl":{"start":{"line":279,"column":23},"end":{"line":279,"column":24}},"loc":{"start":{"line":279,"column":35},"end":{"line":288,"column":3}},"line":279},"6":{"name":"(anonymous_6)","decl":{"start":{"line":325,"column":23},"end":{"line":325,"column":24}},"loc":{"start":{"line":325,"column":29},"end":{"line":325,"column":47}},"line":325},"7":{"name":"(anonymous_7)","decl":{"start":{"line":393,"column":23},"end":{"line":393,"column":24}},"loc":{"start":{"line":393,"column":29},"end":{"line":393,"column":48}},"line":393}},"branchMap":{"0":{"loc":{"start":{"line":239,"column":18},"end":{"line":239,"column":83}},"type":"cond-expr","locations":[{"start":{"line":239,"column":39},"end":{"line":239,"column":50}},{"start":{"line":239,"column":54},"end":{"line":239,"column":82}}],"line":239},"1":{"loc":{"start":{"line":239,"column":54},"end":{"line":239,"column":82}},"type":"binary-expr","locations":[{"start":{"line":239,"column":54},"end":{"line":239,"column":69}},{"start":{"line":239,"column":73},"end":{"line":239,"column":82}}],"line":239},"2":{"loc":{"start":{"line":280,"column":4},"end":{"line":287,"column":5}},"type":"if","locations":[{"start":{"line":280,"column":4},"end":{"line":287,"column":5}},{"start":{},"end":{}}],"line":280},"3":{"loc":{"start":{"line":290,"column":2},"end":{"line":296,"column":3}},"type":"if","locations":[{"start":{"line":290,"column":2},"end":{"line":296,"column":3}},{"start":{},"end":{}}],"line":290},"4":{"loc":{"start":{"line":298,"column":2},"end":{"line":305,"column":3}},"type":"if","locations":[{"start":{"line":298,"column":2},"end":{"line":305,"column":3}},{"start":{},"end":{}}],"line":298},"5":{"loc":{"start":{"line":307,"column":2},"end":{"line":314,"column":3}},"type":"if","locations":[{"start":{"line":307,"column":2},"end":{"line":314,"column":3}},{"start":{},"end":{}}],"line":307},"6":{"loc":{"start":{"line":323,"column":11},"end":{"line":330,"column":11}},"type":"binary-expr","locations":[{"start":{"line":323,"column":11},"end":{"line":323,"column":21}},{"start":{"line":324,"column":12},"end":{"line":329,"column":21}}],"line":323},"7":{"loc":{"start":{"line":340,"column":7},"end":{"line":431,"column":7}},"type":"cond-expr","locations":[{"start":{"line":341,"column":8},"end":{"line":399,"column":15}},{"start":{"line":401,"column":8},"end":{"line":430,"column":14}}],"line":340},"8":{"loc":{"start":{"line":406,"column":16},"end":{"line":410,"column":51}},"type":"cond-expr","locations":[{"start":{"line":407,"column":20},"end":{"line":407,"column":49}},{"start":{"line":408,"column":20},"end":{"line":410,"column":51}}],"line":406},"9":{"loc":{"start":{"line":408,"column":20},"end":{"line":410,"column":51}},"type":"cond-expr","locations":[{"start":{"line":409,"column":20},"end":{"line":409,"column":47}},{"start":{"line":410,"column":20},"end":{"line":410,"column":51}}],"line":408},"10":{"loc":{"start":{"line":413,"column":15},"end":{"line":417,"column":27}},"type":"cond-expr","locations":[{"start":{"line":414,"column":18},"end":{"line":414,"column":29}},{"start":{"line":415,"column":18},"end":{"line":417,"column":27}}],"line":413},"11":{"loc":{"start":{"line":415,"column":18},"end":{"line":417,"column":27}},"type":"cond-expr","locations":[{"start":{"line":416,"column":18},"end":{"line":416,"column":31}},{"start":{"line":417,"column":18},"end":{"line":417,"column":27}}],"line":415},"12":{"loc":{"start":{"line":422,"column":62},"end":{"line":422,"column":108}},"type":"binary-expr","locations":[{"start":{"line":422,"column":62},"end":{"line":422,"column":78}},{"start":{"line":422,"column":82},"end":{"line":422,"column":108}}],"line":422},"13":{"loc":{"start":{"line":426,"column":13},"end":{"line":428,"column":13}},"type":"binary-expr","locations":[{"start":{"line":426,"column":13},"end":{"line":426,"column":46}},{"start":{"line":427,"column":14},"end":{"line":427,"column":78}}],"line":426}},"s":{"0":0,"1":0,"2":0,"3":0,"4":0,"5":0,"6":0,"7":0,"8":0,"9":0,"10":0,"11":0,"12":0,"13":0,"14":0,"15":0,"16":0,"17":0,"18":0,"19":0,"20":0,"21":0,"22":0,"23":0,"24":0,"25":0,"26":0,"27":0,"28":0,"29":0,"30":0,"31":0,"32":0,"33":0,"34":0,"35":0,"36":0,"37":0,"38":0,"39":0,"40":0,"41":0,"42":0,"43":0},"f":{"0":0,"1":0,"2":0,"3":0,"4":0,"5":0,"6":0,"7":0},"b":{"0":[0,0],"1":[0,0],"2":[0,0],"3":[0,0],"4":[0,0],"5":[0,0],"6":[0,0],"7":[0,0],"8":[0,0],"9":[0,0],"10":[0,0],"11":[0,0],"12":[0,0],"13":[0,0]}}
,"C:\\Users\\rahul\\task\\TaskTracker\\src\\components\\TaskFilter.jsx": {"path":"C:\\Users\\rahul\\task\\TaskTracker\\src\\components\\TaskFilter.jsx","statementMap":{"0":{"start":{"line":57,"column":19},"end":{"line":113,"column":1}},"1":{"start":{"line":58,"column":19},"end":{"line":58,"column":32}},"2":{"start":{"line":60,"column":29},"end":{"line":62,"column":3}},"3":{"start":{"line":61,"column":4},"end":{"line":61,"column":29}},"4":{"start":{"line":64,"column":2},"end":{"line":112,"column":4}},"5":{"start":{"line":68,"column":25},"end":{"line":68,"column":50}},"6":{"start":{"line":79,"column":25},"end":{"line":79,"column":54}},"7":{"start":{"line":90,"column":25},"end":{"line":90,"column":58}},"8":{"start":{"line":101,"column":25},"end":{"line":101,"column":56}}},"fnMap":{"0":{"name":"(anonymous_0)","decl":{"start":{"line":57,"column":19},"end":{"line":57,"column":20}},"loc":{"start":{"line":57,"column":60},"end":{"line":113,"column":1}},"line":57},"1":{"name":"(anonymous_1)","decl":{"start":{"line":60,"column":29},"end":{"line":60,"column":30}},"loc":{"start":{"line":60,"column":41},"end":{"line":62,"column":3}},"line":60},"2":{"name":"(anonymous_2)","decl":{"start":{"line":68,"column":19},"end":{"line":68,"column":20}},"loc":{"start":{"line":68,"column":25},"end":{"line":68,"column":50}},"line":68},"3":{"name":"(anonymous_3)","decl":{"start":{"line":79,"column":19},"end":{"line":79,"column":20}},"loc":{"start":{"line":79,"column":25},"end":{"line":79,"column":54}},"line":79},"4":{"name":"(anonymous_4)","decl":{"start":{"line":90,"column":19},"end":{"line":90,"column":20}},"loc":{"start":{"line":90,"column":25},"end":{"line":90,"column":58}},"line":90},"5":{"name":"(anonymous_5)","decl":{"start":{"line":101,"column":19},"end":{"line":101,"column":20}},"loc":{"start":{"line":101,"column":25},"end":{"line":101,"column":56}},"line":101}},"branchMap":{"0":{"loc":{"start":{"line":70,"column":12},"end":{"line":72,"column":70}},"type":"cond-expr","locations":[{"start":{"line":71,"column":16},"end":{"line":71,"column":47}},{"start":{"line":72,"column":16},"end":{"line":72,"column":70}}],"line":70},"1":{"loc":{"start":{"line":81,"column":12},"end":{"line":83,"column":70}},"type":"cond-expr","locations":[{"start":{"line":82,"column":16},"end":{"line":82,"column":47}},{"start":{"line":83,"column":16},"end":{"line":83,"column":70}}],"line":81},"2":{"loc":{"start":{"line":92,"column":12},"end":{"line":94,"column":70}},"type":"cond-expr","locations":[{"start":{"line":93,"column":16},"end":{"line":93,"column":47}},{"start":{"line":94,"column":16},"end":{"line":94,"column":70}}],"line":92},"3":{"loc":{"start":{"line":103,"column":12},"end":{"line":105,"column":70}},"type":"cond-expr","locations":[{"start":{"line":104,"column":16},"end":{"line":104,"column":47}},{"start":{"line":105,"column":16},"end":{"line":105,"column":70}}],"line":103}},"s":{"0":0,"1":0,"2":0,"3":0,"4":0,"5":0,"6":0,"7":0,"8":0},"f":{"0":0,"1":0,"2":0,"3":0,"4":0,"5":0},"b":{"0":[0,0],"1":[0,0],"2":[0,0],"3":[0,0]}}
,"C:\\Users\\rahul\\task\\TaskTracker\\src\\components\\TaskForm.jsx": {"path":"C:\\Users\\rahul\\task\\TaskTracker\\src\\components\\TaskForm.jsx","statementMap":{"0":{"start":{"line":3,"column":17},"end":{"line":129,"column":1}},"1":{"start":{"line":4,"column":34},"end":{"line":8,"column":4}},"2":{"start":{"line":9,"column":32},"end":{"line":9,"column":47}},"3":{"start":{"line":11,"column":2},"end":{"line":25,"column":20}},"4":{"start":{"line":12,"column":4},"end":{"line":24,"column":5}},"5":{"start":{"line":13,"column":6},"end":{"line":17,"column":9}},"6":{"start":{"line":19,"column":6},"end":{"line":23,"column":9}},"7":{"start":{"line":27,"column":41},"end":{"line":27,"column":49}},"8":{"start":{"line":29,"column":19},"end":{"line":31,"column":3}},"9":{"start":{"line":30,"column":4},"end":{"line":30,"column":66}},"10":{"start":{"line":33,"column":19},"end":{"line":55,"column":3}},"11":{"start":{"line":34,"column":4},"end":{"line":34,"column":23}},"12":{"start":{"line":35,"column":4},"end":{"line":35,"column":21}},"13":{"start":{"line":37,"column":4},"end":{"line":54,"column":5}},"14":{"start":{"line":38,"column":6},"end":{"line":42,"column":7}},"15":{"start":{"line":39,"column":8},"end":{"line":39,"column":52}},"16":{"start":{"line":41,"column":8},"end":{"line":41,"column":32}},"17":{"start":{"line":45,"column":6},"end":{"line":49,"column":9}},"18":{"start":{"line":51,"column":6},"end":{"line":51,"column":51}},"19":{"start":{"line":53,"column":6},"end":{"line":53,"column":24}},"20":{"start":{"line":57,"column":2},"end":{"line":128,"column":4}},"21":{"start":{"line":120,"column":29},"end":{"line":120,"column":49}}},"fnMap":{"0":{"name":"(anonymous_0)","decl":{"start":{"line":3,"column":17},"end":{"line":3,"column":18}},"loc":{"start":{"line":3,"column":75},"end":{"line":129,"column":1}},"line":3},"1":{"name":"(anonymous_1)","decl":{"start":{"line":11,"column":12},"end":{"line":11,"column":13}},"loc":{"start":{"line":11,"column":18},"end":{"line":25,"column":3}},"line":11},"2":{"name":"(anonymous_2)","decl":{"start":{"line":29,"column":19},"end":{"line":29,"column":20}},"loc":{"start":{"line":29,"column":24},"end":{"line":31,"column":3}},"line":29},"3":{"name":"(anonymous_3)","decl":{"start":{"line":33,"column":19},"end":{"line":33,"column":20}},"loc":{"start":{"line":33,"column":30},"end":{"line":55,"column":3}},"line":33},"4":{"name":"(anonymous_4)","decl":{"start":{"line":120,"column":23},"end":{"line":120,"column":24}},"loc":{"start":{"line":120,"column":29},"end":{"line":120,"column":49}},"line":120}},"branchMap":{"0":{"loc":{"start":{"line":12,"column":4},"end":{"line":24,"column":5}},"type":"if","locations":[{"start":{"line":12,"column":4},"end":{"line":24,"column":5}},{"start":{"line":18,"column":11},"end":{"line":24,"column":5}}],"line":12},"1":{"loc":{"start":{"line":15,"column":21},"end":{"line":15,"column":50}},"type":"binary-expr","locations":[{"start":{"line":15,"column":21},"end":{"line":15,"column":44}},{"start":{"line":15,"column":48},"end":{"line":15,"column":50}}],"line":15},"2":{"loc":{"start":{"line":38,"column":6},"end":{"line":42,"column":7}},"type":"if","locations":[{"start":{"line":38,"column":6},"end":{"line":42,"column":7}},{"start":{"line":40,"column":13},"end":{"line":42,"column":7}}],"line":38},"3":{"loc":{"start":{"line":60,"column":9},"end":{"line":60,"column":53}},"type":"cond-expr","locations":[{"start":{"line":60,"column":23},"end":{"line":60,"column":36}},{"start":{"line":60,"column":39},"end":{"line":60,"column":53}}],"line":60},"4":{"loc":{"start":{"line":114,"column":13},"end":{"line":114,"column":77}},"type":"cond-expr","locations":[{"start":{"line":114,"column":23},"end":{"line":114,"column":34}},{"start":{"line":114,"column":37},"end":{"line":114,"column":77}}],"line":114},"5":{"loc":{"start":{"line":114,"column":37},"end":{"line":114,"column":77}},"type":"cond-expr","locations":[{"start":{"line":114,"column":51},"end":{"line":114,"column":64}},{"start":{"line":114,"column":67},"end":{"line":114,"column":77}}],"line":114},"6":{"loc":{"start":{"line":116,"column":11},"end":{"line":124,"column":11}},"type":"binary-expr","locations":[{"start":{"line":116,"column":11},"end":{"line":116,"column":22}},{"start":{"line":117,"column":12},"end":{"line":123,"column":21}}],"line":116}},"s":{"0":0,"1":0,"2":0,"3":0,"4":0,"5":0,"6":0,"7":0,"8":0,"9":0,"10":0,"11":0,"12":0,"13":0,"14":0,"15":0,"16":0,"17":0,"18":0,"19":0,"20":0,"21":0},"f":{"0":0,"1":0,"2":0,"3":0,"4":0},"b":{"0":[0,0],"1":[0,0],"2":[0,0],"3":[0,0],"4":[0,0],"5":[0,0],"6":[0,0]}}
,"C:\\Users\\rahul\\task\\TaskTracker\\src\\components\\TaskItem.jsx": {"path":"C:\\Users\\rahul\\task\\TaskTracker\\src\\components\\TaskItem.jsx","statementMap":{"0":{"start":{"line":3,"column":17},"end":{"line":63,"column":1}},"1":{"start":{"line":4,"column":25},"end":{"line":15,"column":3}},"2":{"start":{"line":5,"column":4},"end":{"line":14,"column":5}},"3":{"start":{"line":7,"column":8},"end":{"line":7,"column":47}},"4":{"start":{"line":9,"column":8},"end":{"line":9,"column":43}},"5":{"start":{"line":11,"column":8},"end":{"line":11,"column":45}},"6":{"start":{"line":13,"column":8},"end":{"line":13,"column":43}},"7":{"start":{"line":17,"column":2},"end":{"line":62,"column":4}},"8":{"start":{"line":24,"column":28},"end":{"line":24,"column":68}},"9":{"start":{"line":49,"column":27},"end":{"line":49,"column":47}},"10":{"start":{"line":55,"column":27},"end":{"line":55,"column":47}}},"fnMap":{"0":{"name":"(anonymous_0)","decl":{"start":{"line":3,"column":17},"end":{"line":3,"column":18}},"loc":{"start":{"line":3,"column":75},"end":{"line":63,"column":1}},"line":3},"1":{"name":"(anonymous_1)","decl":{"start":{"line":4,"column":25},"end":{"line":4,"column":26}},"loc":{"start":{"line":4,"column":37},"end":{"line":15,"column":3}},"line":4},"2":{"name":"(anonymous_2)","decl":{"start":{"line":24,"column":22},"end":{"line":24,"column":23}},"loc":{"start":{"line":24,"column":28},"end":{"line":24,"column":68}},"line":24},"3":{"name":"(anonymous_3)","decl":{"start":{"line":49,"column":21},"end":{"line":49,"column":22}},"loc":{"start":{"line":49,"column":27},"end":{"line":49,"column":47}},"line":49},"4":{"name":"(anonymous_4)","decl":{"start":{"line":55,"column":21},"end":{"line":55,"column":22}},"loc":{"start":{"line":55,"column":27},"end":{"line":55,"column":47}},"line":55}},"branchMap":{"0":{"loc":{"start":{"line":5,"column":4},"end":{"line":14,"column":5}},"type":"switch","locations":[{"start":{"line":6,"column":6},"end":{"line":7,"column":47}},{"start":{"line":8,"column":6},"end":{"line":9,"column":43}},{"start":{"line":10,"column":6},"end":{"line":11,"column":45}},{"start":{"line":12,"column":6},"end":{"line":13,"column":43}}],"line":5},"1":{"loc":{"start":{"line":18,"column":57},"end":{"line":18,"column":108}},"type":"cond-expr","locations":[{"start":{"line":18,"column":74},"end":{"line":18,"column":103}},{"start":{"line":18,"column":106},"end":{"line":18,"column":108}}],"line":18},"2":{"loc":{"start":{"line":28,"column":57},"end":{"line":28,"column":107}},"type":"cond-expr","locations":[{"start":{"line":28,"column":74},"end":{"line":28,"column":102}},{"start":{"line":28,"column":105},"end":{"line":28,"column":107}}],"line":28},"3":{"loc":{"start":{"line":31,"column":13},"end":{"line":35,"column":13}},"type":"binary-expr","locations":[{"start":{"line":31,"column":13},"end":{"line":31,"column":29}},{"start":{"line":32,"column":14},"end":{"line":34,"column":18}}],"line":31},"4":{"loc":{"start":{"line":32,"column":50},"end":{"line":32,"column":87}},"type":"cond-expr","locations":[{"start":{"line":32,"column":67},"end":{"line":32,"column":82}},{"start":{"line":32,"column":85},"end":{"line":32,"column":87}}],"line":32}},"s":{"0":0,"1":0,"2":0,"3":0,"4":0,"5":0,"6":0,"7":0,"8":0,"9":0,"10":0},"f":{"0":0,"1":0,"2":0,"3":0,"4":0},"b":{"0":[0,0,0,0],"1":[0,0],"2":[0,0],"3":[0,0],"4":[0,0]}}
,"C:\\Users\\rahul\\task\\TaskTracker\\src\\components\\TaskList.jsx": {"path":"C:\\Users\\rahul\\task\\TaskTracker\\src\\components\\TaskList.jsx","statementMap":{"0":{"start":{"line":32,"column":17},"end":{"line":129,"column":1}},"1":{"start":{"line":33,"column":2},"end":{"line":39,"column":3}},"2":{"start":{"line":34,"column":4},"end":{"line":38,"column":6}},"3":{"start":{"line":41,"column":2},"end":{"line":128,"column":4}},"4":{"start":{"line":45,"column":10},"end":{"line":124,"column":15}},"5":{"start":{"line":51,"column":34},"end":{"line":51,"column":74}},"6":{"start":{"line":93,"column":33},"end":{"line":93,"column":53}},"7":{"start":{"line":103,"column":33},"end":{"line":103,"column":53}},"8":{"start":{"line":113,"column":33},"end":{"line":113,"column":58}}},"fnMap":{"0":{"name":"(anonymous_0)","decl":{"start":{"line":32,"column":17},"end":{"line":32,"column":18}},"loc":{"start":{"line":32,"column":93},"end":{"line":129,"column":1}},"line":32},"1":{"name":"(anonymous_1)","decl":{"start":{"line":44,"column":19},"end":{"line":44,"column":20}},"loc":{"start":{"line":45,"column":10},"end":{"line":124,"column":15}},"line":45},"2":{"name":"(anonymous_2)","decl":{"start":{"line":51,"column":28},"end":{"line":51,"column":29}},"loc":{"start":{"line":51,"column":34},"end":{"line":51,"column":74}},"line":51},"3":{"name":"(anonymous_3)","decl":{"start":{"line":93,"column":27},"end":{"line":93,"column":28}},"loc":{"start":{"line":93,"column":33},"end":{"line":93,"column":53}},"line":93},"4":{"name":"(anonymous_4)","decl":{"start":{"line":103,"column":27},"end":{"line":103,"column":28}},"loc":{"start":{"line":103,"column":33},"end":{"line":103,"column":53}},"line":103},"5":{"name":"(anonymous_5)","decl":{"start":{"line":113,"column":27},"end":{"line":113,"column":28}},"loc":{"start":{"line":113,"column":33},"end":{"line":113,"column":58}},"line":113}},"branchMap":{"0":{"loc":{"start":{"line":33,"column":2},"end":{"line":39,"column":3}},"type":"if","locations":[{"start":{"line":33,"column":2},"end":{"line":39,"column":3}},{"start":{},"end":{}}],"line":33},"1":{"loc":{"start":{"line":59,"column":22},"end":{"line":59,"column":85}},"type":"cond-expr","locations":[{"start":{"line":59,"column":39},"end":{"line":59,"column":67}},{"start":{"line":59,"column":70},"end":{"line":59,"column":85}}],"line":59},"2":{"loc":{"start":{"line":65,"column":19},"end":{"line":71,"column":19}},"type":"binary-expr","locations":[{"start":{"line":65,"column":19},"end":{"line":65,"column":35}},{"start":{"line":66,"column":20},"end":{"line":70,"column":24}}],"line":65},"3":{"loc":{"start":{"line":67,"column":22},"end":{"line":67,"column":72}},"type":"cond-expr","locations":[{"start":{"line":67,"column":39},"end":{"line":67,"column":54}},{"start":{"line":67,"column":57},"end":{"line":67,"column":72}}],"line":67},"4":{"loc":{"start":{"line":75,"column":22},"end":{"line":79,"column":59}},"type":"cond-expr","locations":[{"start":{"line":76,"column":26},"end":{"line":76,"column":55}},{"start":{"line":77,"column":26},"end":{"line":79,"column":59}}],"line":75},"5":{"loc":{"start":{"line":77,"column":26},"end":{"line":79,"column":59}},"type":"cond-expr","locations":[{"start":{"line":78,"column":28},"end":{"line":78,"column":55}},{"start":{"line":79,"column":28},"end":{"line":79,"column":59}}],"line":77},"6":{"loc":{"start":{"line":81,"column":23},"end":{"line":81,"column":78}},"type":"cond-expr","locations":[{"start":{"line":81,"column":40},"end":{"line":81,"column":51}},{"start":{"line":81,"column":54},"end":{"line":81,"column":78}}],"line":81},"7":{"loc":{"start":{"line":81,"column":54},"end":{"line":81,"column":78}},"type":"binary-expr","locations":[{"start":{"line":81,"column":54},"end":{"line":81,"column":65}},{"start":{"line":81,"column":69},"end":{"line":81,"column":78}}],"line":81}},"s":{"0":0,"1":0,"2":0,"3":0,"4":0,"5":0,"6":0,"7":0,"8":0},"f":{"0":0,"1":0,"2":0,"3":0,"4":0,"5":0},"b":{"0":[0,0],"1":[0,0],"2":[0,0],"3":[0,0],"4":[0,0],"5":[0,0],"6":[0,0],"7":[0,0]}}
}
