TN:
SF:src\App.jsx
FN:192,App
FN:196,(anonymous_1)
FN:212,(anonymous_2)
FN:218,(anonymous_3)
FN:225,(anonymous_4)
FN:226,(anonymous_5)
FNF:6
FNH:0
FNDA:0,App
FNDA:0,(anonymous_1)
FNDA:0,(anonymous_2)
FNDA:0,(anonymous_3)
FNDA:0,(anonymous_4)
FNDA:0,(anonymous_5)
DA:193,0
DA:194,0
DA:196,0
DA:198,0
DA:199,0
DA:200,0
DA:202,0
DA:206,0
DA:211,0
DA:213,0
DA:214,0
DA:216,0
DA:219,0
DA:224,0
DA:225,0
DA:227,0
DA:228,0
DA:229,0
DA:231,0
DA:235,0
DA:236,0
DA:239,0
LF:22
LH:0
BRDA:199,0,0,0
BRDA:199,0,1,0
BRDA:213,1,0,0
BRDA:213,1,1,0
BRDA:213,2,0,0
BRDA:213,2,1,0
BRDA:227,3,0,0
BRDA:227,3,1,0
BRDA:227,4,0,0
BRDA:227,4,1,0
BRDA:235,5,0,0
BRDA:235,5,1,0
BRDA:247,6,0,0
BRDA:247,6,1,0
BRDA:251,7,0,0
BRDA:251,7,1,0
BRDA:255,8,0,0
BRDA:255,8,1,0
BRDA:259,9,0,0
BRDA:259,9,1,0
BRDA:264,10,0,0
BRDA:264,10,1,0
BRDA:268,11,0,0
BRDA:268,11,1,0
BRDA:272,12,0,0
BRDA:272,12,1,0
BRF:26
BRH:0
end_of_record
TN:
SF:src\index.js
FNF:0
FNH:0
DA:17,0
DA:18,0
LF:2
LH:0
BRF:0
BRH:0
end_of_record
TN:
SF:src\components\ErrorMessage.jsx
FN:3,(anonymous_0)
FNF:1
FNH:0
FNDA:0,(anonymous_0)
DA:3,0
DA:4,0
DA:6,0
LF:3
LH:0
BRDA:4,0,0,0
BRDA:4,0,1,0
BRF:2
BRH:0
end_of_record
TN:
SF:src\components\Header.jsx
FN:4,(anonymous_0)
FN:10,(anonymous_1)
FNF:2
FNH:0
FNDA:0,(anonymous_0)
FNDA:0,(anonymous_1)
DA:4,0
DA:5,0
DA:6,0
DA:8,0
DA:10,0
DA:11,0
DA:12,0
DA:13,0
DA:16,0
LF:9
LH:0
BRDA:21,0,0,0
BRDA:21,0,1,0
BRF:2
BRH:0
end_of_record
TN:
SF:src\components\Login.jsx
FN:5,(anonymous_0)
FN:15,(anonymous_1)
FN:19,(anonymous_2)
FNF:3
FNH:0
FNDA:0,(anonymous_0)
FNDA:0,(anonymous_1)
FNDA:0,(anonymous_2)
DA:5,0
DA:6,0
DA:10,0
DA:11,0
DA:13,0
DA:15,0
DA:16,0
DA:19,0
DA:20,0
DA:21,0
DA:22,0
DA:24,0
DA:26,0
DA:27,0
DA:28,0
DA:29,0
DA:32,0
DA:33,0
DA:35,0
DA:36,0
DA:37,0
DA:38,0
DA:40,0
DA:44,0
LF:24
LH:0
BRDA:38,0,0,0
BRDA:38,0,1,0
BRDA:48,1,0,0
BRDA:48,1,1,0
BRDA:91,2,0,0
BRDA:91,2,1,0
BRF:6
BRH:0
end_of_record
TN:
SF:src\components\Register.jsx
FN:5,(anonymous_0)
FN:18,(anonymous_1)
FN:50,(anonymous_2)
FNF:3
FNH:0
FNDA:0,(anonymous_0)
FNDA:0,(anonymous_1)
FNDA:0,(anonymous_2)
DA:5,0
DA:6,0
DA:7,0
DA:13,0
DA:14,0
DA:16,0
DA:18,0
DA:19,0
DA:50,0
DA:51,0
DA:52,0
DA:54,0
DA:55,0
DA:56,0
DA:59,0
DA:61,0
DA:62,0
DA:70,0
DA:72,0
DA:74,0
DA:77,0
LF:21
LH:0
BRDA:54,0,0,0
BRDA:54,0,1,0
BRDA:72,1,0,0
BRDA:72,1,1,0
BRDA:81,2,0,0
BRDA:81,2,1,0
BRDA:156,3,0,0
BRDA:156,3,1,0
BRF:8
BRH:0
end_of_record
TN:
SF:src\components\SearchBar.jsx
FN:3,(anonymous_0)
FN:6,(anonymous_1)
FN:12,(anonymous_2)
FNF:3
FNH:3
FNDA:9,(anonymous_0)
FNDA:4,(anonymous_1)
FNDA:1,(anonymous_2)
DA:3,1
DA:4,9
DA:6,9
DA:7,4
DA:8,4
DA:9,4
DA:12,9
DA:13,1
DA:14,1
DA:17,9
LF:10
LH:10
BRDA:32,0,0,9
BRDA:32,0,1,3
BRF:2
BRH:2
end_of_record
TN:
SF:src\components\Spinner.jsx
FN:3,(anonymous_0)
FNF:1
FNH:0
FNDA:0,(anonymous_0)
DA:3,0
DA:4,0
LF:2
LH:0
BRF:0
BRH:0
end_of_record
TN:
SF:src\components\TaskDashboard.jsx
FN:323,(anonymous_0)
FN:338,(anonymous_1)
FN:346,(anonymous_2)
FN:351,(anonymous_3)
FN:356,(anonymous_4)
FN:359,(anonymous_5)
FN:362,(anonymous_6)
FN:370,(anonymous_7)
FN:379,(anonymous_8)
FN:383,(anonymous_9)
FN:395,(anonymous_10)
FN:406,(anonymous_11)
FN:410,(anonymous_12)
FN:419,(anonymous_13)
FN:422,(anonymous_14)
FN:429,(anonymous_15)
FN:433,(anonymous_16)
FN:440,(anonymous_17)
FN:446,(anonymous_18)
FN:452,(anonymous_19)
FNF:20
FNH:0
FNDA:0,(anonymous_0)
FNDA:0,(anonymous_1)
FNDA:0,(anonymous_2)
FNDA:0,(anonymous_3)
FNDA:0,(anonymous_4)
FNDA:0,(anonymous_5)
FNDA:0,(anonymous_6)
FNDA:0,(anonymous_7)
FNDA:0,(anonymous_8)
FNDA:0,(anonymous_9)
FNDA:0,(anonymous_10)
FNDA:0,(anonymous_11)
FNDA:0,(anonymous_12)
FNDA:0,(anonymous_13)
FNDA:0,(anonymous_14)
FNDA:0,(anonymous_15)
FNDA:0,(anonymous_16)
FNDA:0,(anonymous_17)
FNDA:0,(anonymous_18)
FNDA:0,(anonymous_19)
DA:323,0
DA:324,0
DA:325,0
DA:326,0
DA:327,0
DA:328,0
DA:329,0
DA:330,0
DA:331,0
DA:333,0
DA:334,0
DA:335,0
DA:338,0
DA:339,0
DA:340,0
DA:341,0
DA:342,0
DA:346,0
DA:347,0
DA:351,0
DA:354,0
DA:356,0
DA:357,0
DA:359,0
DA:360,0
DA:362,0
DA:363,0
DA:365,0
DA:369,0
DA:370,0
DA:371,0
DA:375,0
DA:379,0
DA:380,0
DA:383,0
DA:384,0
DA:385,0
DA:386,0
DA:387,0
DA:388,0
DA:390,0
DA:391,0
DA:395,0
DA:396,0
DA:399,0
DA:400,0
DA:402,0
DA:406,0
DA:407,0
DA:410,0
DA:411,0
DA:412,0
DA:413,0
DA:415,0
DA:419,0
DA:420,0
DA:421,0
DA:422,0
DA:423,0
DA:425,0
DA:429,0
DA:430,0
DA:431,0
DA:432,0
DA:433,0
DA:435,0
DA:440,0
DA:441,0
DA:442,0
DA:446,0
DA:448,0
DA:452,0
DA:453,0
DA:456,0
LF:74
LH:0
BRDA:339,0,0,0
BRDA:339,0,1,0
BRDA:339,1,0,0
BRDA:339,1,1,0
BRDA:341,2,0,0
BRDA:341,2,1,0
BRDA:354,3,0,0
BRDA:354,3,1,0
BRDA:354,3,2,0
BRDA:354,3,3,0
BRDA:369,4,0,0
BRDA:369,4,1,0
BRDA:399,5,0,0
BRDA:399,5,1,0
BRDA:422,6,0,0
BRDA:422,6,1,0
BRDA:430,7,0,0
BRDA:430,7,1,0
BRDA:444,8,0,0
BRDA:444,8,1,0
BRDA:446,9,0,0
BRDA:446,9,1,0
BRDA:460,10,0,0
BRDA:460,10,1,0
BRDA:486,11,0,0
BRDA:486,11,1,0
BRDA:492,12,0,0
BRDA:492,12,1,0
BRDA:492,13,0,0
BRDA:492,13,1,0
BRF:30
BRH:0
end_of_record
TN:
SF:src\components\TaskDetails.jsx
FN:217,(anonymous_0)
FN:231,(anonymous_1)
FN:232,(anonymous_2)
FN:251,(anonymous_3)
FN:258,(anonymous_4)
FN:279,(anonymous_5)
FN:325,(anonymous_6)
FN:393,(anonymous_7)
FNF:8
FNH:0
FNDA:0,(anonymous_0)
FNDA:0,(anonymous_1)
FNDA:0,(anonymous_2)
FNDA:0,(anonymous_3)
FNDA:0,(anonymous_4)
FNDA:0,(anonymous_5)
FNDA:0,(anonymous_6)
FNDA:0,(anonymous_7)
DA:217,0
DA:218,0
DA:219,0
DA:220,0
DA:221,0
DA:222,0
DA:228,0
DA:229,0
DA:231,0
DA:232,0
DA:233,0
DA:234,0
DA:235,0
DA:236,0
DA:241,0
DA:243,0
DA:244,0
DA:248,0
DA:251,0
DA:252,0
DA:258,0
DA:259,0
DA:260,0
DA:262,0
DA:264,0
DA:271,0
DA:272,0
DA:273,0
DA:275,0
DA:279,0
DA:280,0
DA:281,0
DA:282,0
DA:283,0
DA:285,0
DA:290,0
DA:291,0
DA:298,0
DA:299,0
DA:307,0
DA:308,0
DA:316,0
DA:325,0
DA:393,0
LF:44
LH:0
BRDA:239,0,0,0
BRDA:239,0,1,0
BRDA:239,1,0,0
BRDA:239,1,1,0
BRDA:280,2,0,0
BRDA:280,2,1,0
BRDA:290,3,0,0
BRDA:290,3,1,0
BRDA:298,4,0,0
BRDA:298,4,1,0
BRDA:307,5,0,0
BRDA:307,5,1,0
BRDA:323,6,0,0
BRDA:323,6,1,0
BRDA:340,7,0,0
BRDA:340,7,1,0
BRDA:406,8,0,0
BRDA:406,8,1,0
BRDA:408,9,0,0
BRDA:408,9,1,0
BRDA:413,10,0,0
BRDA:413,10,1,0
BRDA:415,11,0,0
BRDA:415,11,1,0
BRDA:422,12,0,0
BRDA:422,12,1,0
BRDA:426,13,0,0
BRDA:426,13,1,0
BRF:28
BRH:0
end_of_record
TN:
SF:src\components\TaskFilter.jsx
FN:57,(anonymous_0)
FN:60,(anonymous_1)
FN:68,(anonymous_2)
FN:79,(anonymous_3)
FN:90,(anonymous_4)
FN:101,(anonymous_5)
FNF:6
FNH:0
FNDA:0,(anonymous_0)
FNDA:0,(anonymous_1)
FNDA:0,(anonymous_2)
FNDA:0,(anonymous_3)
FNDA:0,(anonymous_4)
FNDA:0,(anonymous_5)
DA:57,0
DA:58,0
DA:60,0
DA:61,0
DA:64,0
DA:68,0
DA:79,0
DA:90,0
DA:101,0
LF:9
LH:0
BRDA:70,0,0,0
BRDA:70,0,1,0
BRDA:81,1,0,0
BRDA:81,1,1,0
BRDA:92,2,0,0
BRDA:92,2,1,0
BRDA:103,3,0,0
BRDA:103,3,1,0
BRF:8
BRH:0
end_of_record
TN:
SF:src\components\TaskForm.jsx
FN:3,(anonymous_0)
FN:11,(anonymous_1)
FN:29,(anonymous_2)
FN:33,(anonymous_3)
FN:120,(anonymous_4)
FNF:5
FNH:0
FNDA:0,(anonymous_0)
FNDA:0,(anonymous_1)
FNDA:0,(anonymous_2)
FNDA:0,(anonymous_3)
FNDA:0,(anonymous_4)
DA:3,0
DA:4,0
DA:9,0
DA:11,0
DA:12,0
DA:13,0
DA:19,0
DA:27,0
DA:29,0
DA:30,0
DA:33,0
DA:34,0
DA:35,0
DA:37,0
DA:38,0
DA:39,0
DA:41,0
DA:45,0
DA:51,0
DA:53,0
DA:57,0
DA:120,0
LF:22
LH:0
BRDA:12,0,0,0
BRDA:12,0,1,0
BRDA:15,1,0,0
BRDA:15,1,1,0
BRDA:38,2,0,0
BRDA:38,2,1,0
BRDA:60,3,0,0
BRDA:60,3,1,0
BRDA:114,4,0,0
BRDA:114,4,1,0
BRDA:114,5,0,0
BRDA:114,5,1,0
BRDA:116,6,0,0
BRDA:116,6,1,0
BRF:14
BRH:0
end_of_record
TN:
SF:src\components\TaskItem.jsx
FN:3,(anonymous_0)
FN:4,(anonymous_1)
FN:24,(anonymous_2)
FN:49,(anonymous_3)
FN:55,(anonymous_4)
FNF:5
FNH:0
FNDA:0,(anonymous_0)
FNDA:0,(anonymous_1)
FNDA:0,(anonymous_2)
FNDA:0,(anonymous_3)
FNDA:0,(anonymous_4)
DA:3,0
DA:4,0
DA:5,0
DA:7,0
DA:9,0
DA:11,0
DA:13,0
DA:17,0
DA:24,0
DA:49,0
DA:55,0
LF:11
LH:0
BRDA:5,0,0,0
BRDA:5,0,1,0
BRDA:5,0,2,0
BRDA:5,0,3,0
BRDA:18,1,0,0
BRDA:18,1,1,0
BRDA:28,2,0,0
BRDA:28,2,1,0
BRDA:31,3,0,0
BRDA:31,3,1,0
BRDA:32,4,0,0
BRDA:32,4,1,0
BRF:12
BRH:0
end_of_record
TN:
SF:src\components\TaskList.jsx
FN:32,(anonymous_0)
FN:44,(anonymous_1)
FN:51,(anonymous_2)
FN:93,(anonymous_3)
FN:103,(anonymous_4)
FN:113,(anonymous_5)
FNF:6
FNH:0
FNDA:0,(anonymous_0)
FNDA:0,(anonymous_1)
FNDA:0,(anonymous_2)
FNDA:0,(anonymous_3)
FNDA:0,(anonymous_4)
FNDA:0,(anonymous_5)
DA:32,0
DA:33,0
DA:34,0
DA:41,0
DA:45,0
DA:51,0
DA:93,0
DA:103,0
DA:113,0
LF:9
LH:0
BRDA:33,0,0,0
BRDA:33,0,1,0
BRDA:59,1,0,0
BRDA:59,1,1,0
BRDA:65,2,0,0
BRDA:65,2,1,0
BRDA:67,3,0,0
BRDA:67,3,1,0
BRDA:75,4,0,0
BRDA:75,4,1,0
BRDA:77,5,0,0
BRDA:77,5,1,0
BRDA:81,6,0,0
BRDA:81,6,1,0
BRDA:81,7,0,0
BRDA:81,7,1,0
BRF:16
BRH:0
end_of_record
